2026-02-17 14:36:16,287 - test_runner - INFO - Configuration loaded from config/projects_config.yaml
2026-02-17 14:36:16,287 - tools_registry - INFO - Registered tool: semgrep
2026-02-17 14:36:16,287 - tools_registry - INFO - Registered tool: semgrep
2026-02-17 14:36:16,287 - tools_registry - INFO - Registered tool: cppcheck
2026-02-17 14:36:16,287 - tools_registry - INFO - Registered tool: cppcheck
2026-02-17 14:36:16,287 - tools_registry - INFO - Registered tool: shellcheck
2026-02-17 14:36:16,287 - tools_registry - INFO - Registered tool: shellcheck
2026-02-17 14:36:16,287 - test_runner - INFO - Found 3 projects in config
2026-02-17 14:36:16,287 - test_runner - INFO - Running tests for project: insecure-cpp
2026-02-17 14:36:16,287 - test_runner - INFO - Starting testing for project: insecure-cpp
2026-02-17 14:36:16,356 - environment - INFO - Docker client initialized
2026-02-17 14:36:16,357 - environment - INFO - Environment setup completed
2026-02-17 14:36:16,357 - test_runner - INFO -   Running cppcheck...
2026-02-17 14:36:16,469 - sast_framework.tools.cppcheck - INFO - Running cppcheck on ./projects/insecure-cpp
2026-02-17 14:36:16,508 - sast_framework.tools.cppcheck - INFO - Running container: ghcr.io/facthunder/cppcheck:latest
2026-02-17 14:36:16,508 - sast_framework.tools.cppcheck - INFO - Command: cppcheck --enable=all --xml --xml-version=2 --output-file=/results/cppcheck_results.xml /src
2026-02-17 14:36:16,509 - sast_framework.tools.cppcheck - INFO - Mounting project: /Users/anastasiakamalova/PycharmProjects/SAST-Framework/projects/insecure-cpp -> /src
2026-02-17 14:36:16,509 - sast_framework.tools.cppcheck - INFO - Mounting results: /Users/anastasiakamalova/PycharmProjects/SAST-Framework/results/raw -> /results
2026-02-17 14:36:20,423 - sast_framework.tools.cppcheck - INFO - Results saved to results/raw/insecure-cpp/cppcheck_20260217_143616.sarif
2026-02-17 14:36:20,426 - normalizer - INFO - Normalized 348 issues
2026-02-17 14:36:20,429 - performance_metrics - INFO - Performance metrics saved: results/metrics/insecure-cpp/cppcheck_20260217_143620.json
2026-02-17 14:36:20,429 - test_runner - INFO -     Found 348 issues
2026-02-17 14:36:20,430 - environment - INFO - Environment cleanup completed
2026-02-17 14:36:20,430 - test_runner - INFO - Running tests for project: dvpa-python
2026-02-17 14:36:20,430 - test_runner - INFO - Starting testing for project: dvpa-python
2026-02-17 14:36:20,445 - environment - INFO - Docker client initialized
2026-02-17 14:36:20,446 - environment - INFO - Environment setup completed
2026-02-17 14:36:20,446 - test_runner - INFO -   Running semgrep...
2026-02-17 14:36:20,494 - sast_framework.tools.semgrep - INFO - Running semgrep on ./projects/dvpa-python
2026-02-17 14:36:20,507 - sast_framework.tools.semgrep - INFO - Running container: returntocorp/semgrep:latest
2026-02-17 14:36:20,507 - sast_framework.tools.semgrep - INFO - Command: semgrep scan --config=auto --json --output=/results/semgrep_results.json /src
2026-02-17 14:36:20,508 - sast_framework.tools.semgrep - INFO - Mounting project: /Users/anastasiakamalova/PycharmProjects/SAST-Framework/projects/dvpa-python -> /src
2026-02-17 14:36:20,508 - sast_framework.tools.semgrep - INFO - Mounting results: /Users/anastasiakamalova/PycharmProjects/SAST-Framework/results/raw -> /results
2026-02-17 14:36:53,411 - sast_framework.tools.semgrep - INFO - Results saved to results/raw/dvpa-python/semgrep_20260217_143620.sarif
2026-02-17 14:36:53,412 - normalizer - INFO - Normalized 10 issues
2026-02-17 14:36:53,417 - performance_metrics - INFO - Performance metrics saved: results/metrics/dvpa-python/semgrep_20260217_143653.json
2026-02-17 14:36:53,417 - test_runner - INFO -     Found 10 issues
2026-02-17 14:36:53,417 - environment - INFO - Environment cleanup completed
2026-02-17 14:36:53,417 - test_runner - INFO - Running tests for project: bash-examples
2026-02-17 14:36:53,417 - test_runner - INFO - Starting testing for project: bash-examples
2026-02-17 14:36:53,434 - environment - INFO - Docker client initialized
2026-02-17 14:36:53,434 - environment - INFO - Environment setup completed
2026-02-17 14:36:53,434 - test_runner - INFO -   Running shellcheck...
2026-02-17 14:36:53,512 - sast_framework.tools.shellcheck - INFO - Running shellcheck on ./projects/bash-examples
2026-02-17 14:36:53,534 - sast_framework.tools.shellcheck - INFO - Running container: koalaman/shellcheck-alpine:stable
2026-02-17 14:36:53,535 - sast_framework.tools.shellcheck - INFO - Command: sh -c find /src -type f \( -name '*.sh' -o -name '*.bash' -o -name '*.zsh' -o -name '*.ksh' \) | xargs -I {} shellcheck -f json {} > /results/shellcheck_results.json
2026-02-17 14:36:53,535 - sast_framework.tools.shellcheck - INFO - Mounting project: /Users/anastasiakamalova/PycharmProjects/SAST-Framework/projects/bash-examples -> /src
2026-02-17 14:36:53,535 - sast_framework.tools.shellcheck - INFO - Mounting results: /Users/anastasiakamalova/PycharmProjects/SAST-Framework/results/raw -> /results
2026-02-17 14:36:53,978 - sast_framework.tools.shellcheck - ERROR - Error running container: Command '['sh', '-c', "find /src -type f \\( -name '*.sh' -o -name '*.bash' -o -name '*.zsh' -o -name '*.ksh' \\) | xargs -I {} shellcheck -f json {} > /results/shellcheck_results.json"]' in image 'koalaman/shellcheck-alpine:stable' returned non-zero exit status 123: b''
2026-02-17 14:36:53,978 - sast_framework.tools.shellcheck - ERROR - Error running shellcheck: Command '['sh', '-c', "find /src -type f \\( -name '*.sh' -o -name '*.bash' -o -name '*.zsh' -o -name '*.ksh' \\) | xargs -I {} shellcheck -f json {} > /results/shellcheck_results.json"]' in image 'koalaman/shellcheck-alpine:stable' returned non-zero exit status 123: b''
2026-02-17 14:36:53,978 - test_runner - ERROR -     Tool shellcheck failed
2026-02-17 14:36:53,979 - environment - INFO - Environment cleanup completed
2026-02-17 14:36:53,980 - normalizer - INFO - Normalized 348 issues
2026-02-17 14:36:53,988 - normalizer - INFO - Normalized 10 issues
