2026-02-17 15:35:11,735 - test_runner - INFO - Configuration loaded from config/projects_config.yaml
2026-02-17 15:35:11,735 - tools_registry - INFO - Registered tool: semgrep
2026-02-17 15:35:11,735 - tools_registry - INFO - Registered tool: semgrep
2026-02-17 15:35:11,735 - tools_registry - INFO - Registered tool: cppcheck
2026-02-17 15:35:11,735 - tools_registry - INFO - Registered tool: cppcheck
2026-02-17 15:35:11,735 - tools_registry - INFO - Registered tool: shellcheck
2026-02-17 15:35:11,735 - tools_registry - INFO - Registered tool: shellcheck
2026-02-17 15:35:11,738 - __main__ - INFO - Baseline будет перезаписан: baseline/insecure-cpp/cppcheck_baseline.json
2026-02-17 15:35:11,738 - __main__ - INFO - Baseline будет перезаписан: baseline/dvpa-python/semgrep_baseline.json
2026-02-17 15:35:11,738 - __main__ - INFO - Будет создан baseline для bash-examples/shellcheck
2026-02-17 15:35:11,738 - test_runner - INFO - Found 3 projects in config
2026-02-17 15:35:11,738 - test_runner - INFO - Running tests for project: insecure-cpp
2026-02-17 15:35:11,738 - test_runner - INFO - Starting testing for project: insecure-cpp
2026-02-17 15:35:11,814 - environment - INFO - Docker client initialized
2026-02-17 15:35:11,814 - environment - INFO - Environment setup completed
2026-02-17 15:35:11,814 - test_runner - INFO -   Running cppcheck...
2026-02-17 15:35:11,861 - sast_framework.tools.cppcheck - INFO - Running cppcheck on ./projects/insecure-cpp
2026-02-17 15:35:11,885 - sast_framework.tools.cppcheck - INFO - Running container: ghcr.io/facthunder/cppcheck:latest
2026-02-17 15:35:11,885 - sast_framework.tools.cppcheck - INFO - Command: cppcheck --enable=all --xml --xml-version=2 --output-file=/results/cppcheck_results.xml /src
2026-02-17 15:35:14,459 - sast_framework.tools.cppcheck - INFO - Results saved to results/raw/insecure-cpp/cppcheck_20260217_153511.sarif
2026-02-17 15:35:14,461 - normalizer - INFO - Normalized 348 issues
2026-02-17 15:35:14,464 - performance_metrics - INFO - Performance metrics saved: results/metrics/insecure-cpp/cppcheck_20260217_153514.json
2026-02-17 15:35:14,464 - test_runner - INFO -     Found 348 issues
2026-02-17 15:35:14,464 - environment - INFO - Environment cleanup completed
2026-02-17 15:35:14,465 - test_runner - INFO - Running tests for project: dvpa-python
2026-02-17 15:35:14,465 - test_runner - INFO - Starting testing for project: dvpa-python
2026-02-17 15:35:14,475 - environment - INFO - Docker client initialized
2026-02-17 15:35:14,475 - environment - INFO - Environment setup completed
2026-02-17 15:35:14,475 - test_runner - INFO -   Running semgrep...
2026-02-17 15:35:14,518 - sast_framework.tools.semgrep - INFO - Running semgrep on ./projects/dvpa-python
2026-02-17 15:35:14,530 - sast_framework.tools.semgrep - INFO - Running container: returntocorp/semgrep:latest
2026-02-17 15:35:14,531 - sast_framework.tools.semgrep - INFO - Command: semgrep scan --config=auto --json --output=/results/semgrep_results.json /src
2026-02-17 15:35:47,062 - sast_framework.tools.semgrep - INFO - Results saved to results/raw/dvpa-python/semgrep_20260217_153514.sarif
2026-02-17 15:35:47,063 - normalizer - INFO - Normalized 10 issues
2026-02-17 15:35:47,066 - performance_metrics - INFO - Performance metrics saved: results/metrics/dvpa-python/semgrep_20260217_153547.json
2026-02-17 15:35:47,066 - test_runner - INFO -     Found 10 issues
2026-02-17 15:35:47,066 - environment - INFO - Environment cleanup completed
2026-02-17 15:35:47,066 - test_runner - INFO - Running tests for project: bash-examples
2026-02-17 15:35:47,066 - test_runner - INFO - Starting testing for project: bash-examples
2026-02-17 15:35:47,079 - environment - INFO - Docker client initialized
2026-02-17 15:35:47,079 - environment - INFO - Environment setup completed
2026-02-17 15:35:47,079 - test_runner - INFO -   Running shellcheck...
2026-02-17 15:35:47,131 - sast_framework.tools.shellcheck - INFO - Running shellcheck on ./projects/bash-examples
2026-02-17 15:35:47,132 - sast_framework.tools.shellcheck - INFO - Running command in container: shellcheck -f json /src/vulnerable.sh /src/test1.bash > /results/shellcheck_results.json
2026-02-17 15:35:47,143 - sast_framework.tools.shellcheck - INFO - Running container: koalaman/shellcheck-alpine:stable
2026-02-17 15:35:47,143 - sast_framework.tools.shellcheck - INFO - Command: sh -c shellcheck -f json /src/vulnerable.sh /src/test1.bash > /results/shellcheck_results.json
2026-02-17 15:35:47,518 - sast_framework.tools.shellcheck - WARNING - Container exited with code 1
2026-02-17 15:35:47,528 - sast_framework.tools.shellcheck - INFO - Results saved to results/raw/bash-examples/shellcheck_20260217_153547.sarif
2026-02-17 15:35:47,528 - normalizer - INFO - Normalized 7 issues
2026-02-17 15:35:47,529 - performance_metrics - INFO - Performance metrics saved: results/metrics/bash-examples/shellcheck_20260217_153547.json
2026-02-17 15:35:47,529 - test_runner - INFO -     Found 7 issues
2026-02-17 15:35:47,529 - environment - INFO - Environment cleanup completed
2026-02-17 15:35:47,531 - normalizer - INFO - Normalized 348 issues
2026-02-17 15:35:47,539 - normalizer - INFO - Normalized 10 issues
2026-02-17 15:35:47,540 - normalizer - INFO - Normalized 7 issues
