2026-02-17 15:05:33,277 - test_runner - INFO - Configuration loaded from config/projects_config.yaml
2026-02-17 15:05:33,277 - tools_registry - INFO - Registered tool: semgrep
2026-02-17 15:05:33,277 - tools_registry - INFO - Registered tool: semgrep
2026-02-17 15:05:33,277 - tools_registry - INFO - Registered tool: cppcheck
2026-02-17 15:05:33,277 - tools_registry - INFO - Registered tool: cppcheck
2026-02-17 15:05:33,277 - tools_registry - INFO - Registered tool: shellcheck
2026-02-17 15:05:33,277 - tools_registry - INFO - Registered tool: shellcheck
2026-02-17 15:05:33,279 - __main__ - INFO - Baseline будет перезаписан: baseline/insecure-cpp/cppcheck_baseline.json
2026-02-17 15:05:33,279 - __main__ - INFO - Baseline будет перезаписан: baseline/dvpa-python/semgrep_baseline.json
2026-02-17 15:05:33,280 - __main__ - INFO - Baseline будет перезаписан: baseline/bash-examples/semgrep_baseline.json
2026-02-17 15:05:33,280 - test_runner - INFO - Found 3 projects in config
2026-02-17 15:05:33,280 - test_runner - INFO - Running tests for project: insecure-cpp
2026-02-17 15:05:33,280 - test_runner - INFO - Starting testing for project: insecure-cpp
2026-02-17 15:05:33,364 - environment - INFO - Docker client initialized
2026-02-17 15:05:33,364 - environment - INFO - Environment setup completed
2026-02-17 15:05:33,364 - test_runner - INFO -   Running cppcheck...
2026-02-17 15:05:33,417 - sast_framework.tools.cppcheck - INFO - Running cppcheck on ./projects/insecure-cpp
2026-02-17 15:05:33,455 - sast_framework.tools.cppcheck - INFO - Running container: ghcr.io/facthunder/cppcheck:latest
2026-02-17 15:05:33,456 - sast_framework.tools.cppcheck - INFO - Command: cppcheck --enable=all --xml --xml-version=2 --output-file=/results/cppcheck_results.xml /src
2026-02-17 15:05:33,456 - sast_framework.tools.cppcheck - INFO - Mounting project: /Users/anastasiakamalova/PycharmProjects/SAST-Framework/projects/insecure-cpp -> /src
2026-02-17 15:05:33,456 - sast_framework.tools.cppcheck - INFO - Mounting results: /Users/anastasiakamalova/PycharmProjects/SAST-Framework/results/raw -> /results
2026-02-17 15:05:35,761 - sast_framework.tools.cppcheck - INFO - Results saved to results/raw/insecure-cpp/cppcheck_20260217_150533.sarif
2026-02-17 15:05:35,763 - normalizer - INFO - Normalized 348 issues
2026-02-17 15:05:35,766 - performance_metrics - INFO - Performance metrics saved: results/metrics/insecure-cpp/cppcheck_20260217_150535.json
2026-02-17 15:05:35,766 - test_runner - INFO -     Found 348 issues
2026-02-17 15:05:35,767 - environment - INFO - Environment cleanup completed
2026-02-17 15:05:35,767 - test_runner - INFO - Running tests for project: dvpa-python
2026-02-17 15:05:35,767 - test_runner - INFO - Starting testing for project: dvpa-python
2026-02-17 15:05:35,778 - environment - INFO - Docker client initialized
2026-02-17 15:05:35,778 - environment - INFO - Environment setup completed
2026-02-17 15:05:35,778 - test_runner - INFO -   Running semgrep...
2026-02-17 15:05:35,819 - sast_framework.tools.semgrep - INFO - Running semgrep on ./projects/dvpa-python
2026-02-17 15:05:35,831 - sast_framework.tools.semgrep - INFO - Running container: returntocorp/semgrep:latest
2026-02-17 15:05:35,831 - sast_framework.tools.semgrep - INFO - Command: semgrep scan --config=auto --json --output=/results/semgrep_results.json /src
2026-02-17 15:05:35,831 - sast_framework.tools.semgrep - INFO - Mounting project: /Users/anastasiakamalova/PycharmProjects/SAST-Framework/projects/dvpa-python -> /src
2026-02-17 15:05:35,831 - sast_framework.tools.semgrep - INFO - Mounting results: /Users/anastasiakamalova/PycharmProjects/SAST-Framework/results/raw -> /results
2026-02-17 15:06:02,965 - sast_framework.tools.semgrep - INFO - Results saved to results/raw/dvpa-python/semgrep_20260217_150535.sarif
2026-02-17 15:06:02,965 - normalizer - INFO - Normalized 10 issues
2026-02-17 15:06:02,968 - performance_metrics - INFO - Performance metrics saved: results/metrics/dvpa-python/semgrep_20260217_150602.json
2026-02-17 15:06:02,968 - test_runner - INFO -     Found 10 issues
2026-02-17 15:06:02,968 - environment - INFO - Environment cleanup completed
2026-02-17 15:06:02,968 - test_runner - INFO - Running tests for project: bash-examples
2026-02-17 15:06:02,968 - test_runner - INFO - Starting testing for project: bash-examples
2026-02-17 15:06:02,979 - environment - INFO - Docker client initialized
2026-02-17 15:06:02,979 - environment - INFO - Environment setup completed
2026-02-17 15:06:02,979 - test_runner - INFO -   Running semgrep...
2026-02-17 15:06:03,024 - sast_framework.tools.semgrep - INFO - Running semgrep on ./projects/bash-examples
2026-02-17 15:06:03,035 - sast_framework.tools.semgrep - INFO - Running container: returntocorp/semgrep:latest
2026-02-17 15:06:03,035 - sast_framework.tools.semgrep - INFO - Command: semgrep scan --config=auto --json --output=/results/semgrep_results.json /src
2026-02-17 15:06:03,035 - sast_framework.tools.semgrep - INFO - Mounting project: /Users/anastasiakamalova/PycharmProjects/SAST-Framework/projects/bash-examples -> /src
2026-02-17 15:06:03,036 - sast_framework.tools.semgrep - INFO - Mounting results: /Users/anastasiakamalova/PycharmProjects/SAST-Framework/results/raw -> /results
2026-02-17 15:06:11,640 - sast_framework.tools.semgrep - INFO - Results saved to results/raw/bash-examples/semgrep_20260217_150603.sarif
2026-02-17 15:06:11,640 - normalizer - INFO - Normalized 0 issues
2026-02-17 15:06:11,643 - performance_metrics - INFO - Performance metrics saved: results/metrics/bash-examples/semgrep_20260217_150611.json
2026-02-17 15:06:11,643 - test_runner - INFO -     Found 0 issues
2026-02-17 15:06:11,643 - environment - INFO - Environment cleanup completed
2026-02-17 15:06:11,645 - normalizer - INFO - Normalized 348 issues
2026-02-17 15:06:11,652 - normalizer - INFO - Normalized 10 issues
2026-02-17 15:06:11,652 - normalizer - INFO - Normalized 0 issues
