2026-02-17 15:03:33,846 - test_runner - INFO - Configuration loaded from config/projects_config.yaml
2026-02-17 15:03:33,846 - tools_registry - INFO - Registered tool: semgrep
2026-02-17 15:03:33,846 - tools_registry - INFO - Registered tool: semgrep
2026-02-17 15:03:33,846 - tools_registry - INFO - Registered tool: cppcheck
2026-02-17 15:03:33,846 - tools_registry - INFO - Registered tool: cppcheck
2026-02-17 15:03:33,846 - tools_registry - INFO - Registered tool: shellcheck
2026-02-17 15:03:33,846 - tools_registry - INFO - Registered tool: shellcheck
2026-02-17 15:03:33,849 - __main__ - INFO - Baseline будет перезаписан: baseline/insecure-cpp/cppcheck_baseline.json
2026-02-17 15:03:33,849 - __main__ - INFO - Baseline будет перезаписан: baseline/dvpa-python/semgrep_baseline.json
2026-02-17 15:03:33,849 - __main__ - INFO - Будет создан baseline для bash-examples/shellcheck
2026-02-17 15:03:33,849 - test_runner - INFO - Found 3 projects in config
2026-02-17 15:03:33,849 - test_runner - INFO - Running tests for project: insecure-cpp
2026-02-17 15:03:33,849 - test_runner - INFO - Starting testing for project: insecure-cpp
2026-02-17 15:03:33,943 - environment - INFO - Docker client initialized
2026-02-17 15:03:33,943 - environment - INFO - Environment setup completed
2026-02-17 15:03:33,944 - test_runner - INFO -   Running cppcheck...
2026-02-17 15:03:33,992 - sast_framework.tools.cppcheck - INFO - Running cppcheck on ./projects/insecure-cpp
2026-02-17 15:03:34,017 - sast_framework.tools.cppcheck - INFO - Running container: ghcr.io/facthunder/cppcheck:latest
2026-02-17 15:03:34,018 - sast_framework.tools.cppcheck - INFO - Command: cppcheck --enable=all --xml --xml-version=2 --output-file=/results/cppcheck_results.xml /src
2026-02-17 15:03:34,018 - sast_framework.tools.cppcheck - INFO - Mounting project: /Users/anastasiakamalova/PycharmProjects/SAST-Framework/projects/insecure-cpp -> /src
2026-02-17 15:03:34,018 - sast_framework.tools.cppcheck - INFO - Mounting results: /Users/anastasiakamalova/PycharmProjects/SAST-Framework/results/raw -> /results
2026-02-17 15:03:36,404 - sast_framework.tools.cppcheck - INFO - Results saved to results/raw/insecure-cpp/cppcheck_20260217_150333.sarif
2026-02-17 15:03:36,406 - normalizer - INFO - Normalized 348 issues
2026-02-17 15:03:36,409 - performance_metrics - INFO - Performance metrics saved: results/metrics/insecure-cpp/cppcheck_20260217_150336.json
2026-02-17 15:03:36,409 - test_runner - INFO -     Found 348 issues
2026-02-17 15:03:36,409 - environment - INFO - Environment cleanup completed
2026-02-17 15:03:36,409 - test_runner - INFO - Running tests for project: dvpa-python
2026-02-17 15:03:36,409 - test_runner - INFO - Starting testing for project: dvpa-python
2026-02-17 15:03:36,420 - environment - INFO - Docker client initialized
2026-02-17 15:03:36,420 - environment - INFO - Environment setup completed
2026-02-17 15:03:36,420 - test_runner - INFO -   Running semgrep...
2026-02-17 15:03:36,467 - sast_framework.tools.semgrep - INFO - Running semgrep on ./projects/dvpa-python
2026-02-17 15:03:36,478 - sast_framework.tools.semgrep - INFO - Running container: returntocorp/semgrep:latest
2026-02-17 15:03:36,479 - sast_framework.tools.semgrep - INFO - Command: semgrep scan --config=auto --json --output=/results/semgrep_results.json /src
2026-02-17 15:03:36,479 - sast_framework.tools.semgrep - INFO - Mounting project: /Users/anastasiakamalova/PycharmProjects/SAST-Framework/projects/dvpa-python -> /src
2026-02-17 15:03:36,479 - sast_framework.tools.semgrep - INFO - Mounting results: /Users/anastasiakamalova/PycharmProjects/SAST-Framework/results/raw -> /results
2026-02-17 15:04:03,778 - sast_framework.tools.semgrep - INFO - Results saved to results/raw/dvpa-python/semgrep_20260217_150336.sarif
2026-02-17 15:04:03,779 - normalizer - INFO - Normalized 10 issues
2026-02-17 15:04:03,782 - performance_metrics - INFO - Performance metrics saved: results/metrics/dvpa-python/semgrep_20260217_150403.json
2026-02-17 15:04:03,782 - test_runner - INFO -     Found 10 issues
2026-02-17 15:04:03,783 - environment - INFO - Environment cleanup completed
2026-02-17 15:04:03,783 - test_runner - INFO - Running tests for project: bash-examples
2026-02-17 15:04:03,783 - test_runner - INFO - Starting testing for project: bash-examples
2026-02-17 15:04:03,791 - environment - INFO - Docker client initialized
2026-02-17 15:04:03,792 - environment - INFO - Environment setup completed
2026-02-17 15:04:03,792 - test_runner - INFO -   Running shellcheck...
2026-02-17 15:04:03,838 - sast_framework.tools.shellcheck - INFO - Running shellcheck on ./projects/bash-examples
2026-02-17 15:04:03,839 - sast_framework.tools.shellcheck - INFO - Container command: find /src -type f \( -name '*.sh' -o -name '*.bash' -o -name '*.zsh' -o -name '*.ksh' \) -exec shellcheck -f json {} + > /results/shellcheck_results.json
2026-02-17 15:04:03,850 - sast_framework.tools.shellcheck - INFO - Running container: koalaman/shellcheck-alpine:stable
2026-02-17 15:04:03,850 - sast_framework.tools.shellcheck - INFO - Command: sh -c find /src -type f \( -name '*.sh' -o -name '*.bash' -o -name '*.zsh' -o -name '*.ksh' \) -exec shellcheck -f json {} + > /results/shellcheck_results.json
2026-02-17 15:04:03,850 - sast_framework.tools.shellcheck - INFO - Mounting project: /Users/anastasiakamalova/PycharmProjects/SAST-Framework/projects/bash-examples -> /src
2026-02-17 15:04:03,850 - sast_framework.tools.shellcheck - INFO - Mounting results: /Users/anastasiakamalova/PycharmProjects/SAST-Framework/results/raw -> /results
2026-02-17 15:04:04,216 - sast_framework.tools.shellcheck - ERROR - Error running container: Command '['sh', '-c', "find /src -type f \\( -name '*.sh' -o -name '*.bash' -o -name '*.zsh' -o -name '*.ksh' \\) -exec shellcheck -f json {} + > /results/shellcheck_results.json"]' in image 'koalaman/shellcheck-alpine:stable' returned non-zero exit status 1: b''
2026-02-17 15:04:04,216 - sast_framework.tools.shellcheck - ERROR - Error running shellcheck: Command '['sh', '-c', "find /src -type f \\( -name '*.sh' -o -name '*.bash' -o -name '*.zsh' -o -name '*.ksh' \\) -exec shellcheck -f json {} + > /results/shellcheck_results.json"]' in image 'koalaman/shellcheck-alpine:stable' returned non-zero exit status 1: b''
Traceback (most recent call last):
  File "/Users/anastasiakamalova/PycharmProjects/SAST-Framework/tools/shellcheck.py", line 82, in run
    result = self.run_in_container(["sh", "-c", cmd], project_path)
  File "/Users/anastasiakamalova/PycharmProjects/SAST-Framework/tools/base_tool.py", line 94, in run_in_container
    container = client.containers.run(
  File "/Users/anastasiakamalova/SAST-Framework/lib/python3.9/site-packages/docker/models/containers.py", line 905, in run
    raise ContainerError(
docker.errors.ContainerError: Command '['sh', '-c', "find /src -type f \\( -name '*.sh' -o -name '*.bash' -o -name '*.zsh' -o -name '*.ksh' \\) -exec shellcheck -f json {} + > /results/shellcheck_results.json"]' in image 'koalaman/shellcheck-alpine:stable' returned non-zero exit status 1: b''
2026-02-17 15:04:04,222 - sast_framework.tools.shellcheck - INFO - Results saved to results/raw/bash-examples/shellcheck_20260217_150403.sarif
2026-02-17 15:04:04,222 - test_runner - ERROR -     Tool shellcheck failed
2026-02-17 15:04:04,222 - environment - INFO - Environment cleanup completed
2026-02-17 15:04:04,224 - normalizer - INFO - Normalized 348 issues
2026-02-17 15:04:04,232 - normalizer - INFO - Normalized 10 issues
