2026-02-17 17:15:58,097 - test_runner - INFO - Configuration loaded from config/projects_config.yaml
2026-02-17 17:15:58,097 - tools_registry - INFO - Registered tool: semgrep
2026-02-17 17:15:58,097 - tools_registry - INFO - Registered tool: semgrep
2026-02-17 17:15:58,097 - tools_registry - INFO - Registered tool: cppcheck
2026-02-17 17:15:58,097 - tools_registry - INFO - Registered tool: cppcheck
2026-02-17 17:15:58,097 - tools_registry - INFO - Registered tool: shellcheck
2026-02-17 17:15:58,097 - tools_registry - INFO - Registered tool: shellcheck
2026-02-17 17:15:58,097 - test_runner - INFO - Found 3 projects in config
2026-02-17 17:15:58,097 - test_runner - INFO - Running tests for project: insecure-cpp
2026-02-17 17:15:58,098 - test_runner - INFO - Starting testing for project: insecure-cpp
2026-02-17 17:15:58,179 - environment - INFO - Docker client initialized
2026-02-17 17:15:58,179 - environment - INFO - Environment setup completed
2026-02-17 17:15:58,179 - test_runner - INFO -   Running cppcheck...
2026-02-17 17:15:58,228 - sast_framework.tools.cppcheck - INFO - Running cppcheck on ./projects/insecure-cpp
2026-02-17 17:15:58,258 - sast_framework.tools.cppcheck - INFO - Running container: ghcr.io/facthunder/cppcheck:latest
2026-02-17 17:15:58,258 - sast_framework.tools.cppcheck - INFO - Command: cppcheck --enable=all --xml --xml-version=2 --output-file=/results/cppcheck_results.xml /src
2026-02-17 17:16:00,722 - sast_framework.tools.cppcheck - INFO - Results saved to results/raw/insecure-cpp/cppcheck_20260217_171558.sarif
2026-02-17 17:16:00,724 - normalizer - INFO - Normalized 348 issues
2026-02-17 17:16:00,727 - performance_metrics - INFO - Performance metrics saved: results/metrics/insecure-cpp/cppcheck_20260217_171600.json
2026-02-17 17:16:00,727 - test_runner - INFO -     Found 348 issues
2026-02-17 17:16:00,728 - environment - INFO - Environment cleanup completed
2026-02-17 17:16:00,728 - test_runner - INFO - Running tests for project: dvpa-python
2026-02-17 17:16:00,728 - test_runner - INFO - Starting testing for project: dvpa-python
2026-02-17 17:16:00,738 - environment - INFO - Docker client initialized
2026-02-17 17:16:00,738 - environment - INFO - Environment setup completed
2026-02-17 17:16:00,738 - test_runner - INFO -   Running semgrep...
2026-02-17 17:16:00,784 - sast_framework.tools.semgrep - INFO - Running semgrep on ./projects/dvpa-python
2026-02-17 17:16:00,795 - sast_framework.tools.semgrep - INFO - Running container: returntocorp/semgrep:latest
2026-02-17 17:16:00,795 - sast_framework.tools.semgrep - INFO - Command: semgrep scan --config=auto --json --output=/results/semgrep_results.json /src
2026-02-17 17:16:33,451 - sast_framework.tools.semgrep - INFO - Results saved to results/raw/dvpa-python/semgrep_20260217_171600.sarif
2026-02-17 17:16:33,453 - normalizer - INFO - Normalized 10 issues
2026-02-17 17:16:33,459 - performance_metrics - INFO - Performance metrics saved: results/metrics/dvpa-python/semgrep_20260217_171633.json
2026-02-17 17:16:33,459 - test_runner - INFO -     Found 10 issues
2026-02-17 17:16:33,459 - environment - INFO - Environment cleanup completed
2026-02-17 17:16:33,459 - test_runner - INFO - Running tests for project: bash-examples
2026-02-17 17:16:33,459 - test_runner - INFO - Starting testing for project: bash-examples
2026-02-17 17:16:33,471 - environment - INFO - Docker client initialized
2026-02-17 17:16:33,471 - environment - INFO - Environment setup completed
2026-02-17 17:16:33,471 - test_runner - INFO -   Running shellcheck...
2026-02-17 17:16:33,524 - sast_framework.tools.shellcheck - INFO - Running shellcheck on ./projects/bash-examples
2026-02-17 17:16:33,526 - sast_framework.tools.shellcheck - INFO - Running command in container: shellcheck -f json /src/vulnerable.sh /src/test1.bash > /results/shellcheck_results.json
2026-02-17 17:16:33,538 - sast_framework.tools.shellcheck - INFO - Running container: koalaman/shellcheck-alpine:stable
2026-02-17 17:16:33,538 - sast_framework.tools.shellcheck - INFO - Command: sh -c shellcheck -f json /src/vulnerable.sh /src/test1.bash > /results/shellcheck_results.json
2026-02-17 17:16:33,995 - sast_framework.tools.shellcheck - WARNING - Container exited with code 1
2026-02-17 17:16:34,003 - sast_framework.tools.shellcheck - INFO - Results saved to results/raw/bash-examples/shellcheck_20260217_171633.sarif
2026-02-17 17:16:34,003 - normalizer - INFO - Normalized 7 issues
2026-02-17 17:16:34,005 - performance_metrics - INFO - Performance metrics saved: results/metrics/bash-examples/shellcheck_20260217_171634.json
2026-02-17 17:16:34,005 - test_runner - INFO -     Found 7 issues
2026-02-17 17:16:34,006 - environment - INFO - Environment cleanup completed
2026-02-17 17:16:34,010 - comparer - INFO - Comparing insecure-cpp/cppcheck
2026-02-17 17:16:34,012 - comparer - INFO - Loaded baseline for insecure-cpp/cppcheck: 348 issues
2026-02-17 17:16:34,012 - comparer - WARNING - Current results not found: results/normalized/insecure-cpp/cppcheck_normalized.json
2026-02-17 17:16:34,013 - comparer - WARNING - No current results for insecure-cpp/cppcheck
2026-02-17 17:16:34,013 - comparer - INFO - Comparing dvpa-python/semgrep
2026-02-17 17:16:34,013 - comparer - INFO - Loaded baseline for dvpa-python/semgrep: 10 issues
2026-02-17 17:16:34,013 - comparer - WARNING - Current results not found: results/normalized/dvpa-python/semgrep_normalized.json
2026-02-17 17:16:34,013 - comparer - WARNING - No current results for dvpa-python/semgrep
2026-02-17 17:16:34,013 - comparer - INFO - Comparing bash-examples/shellcheck
2026-02-17 17:16:34,014 - comparer - INFO - Loaded baseline for bash-examples/shellcheck: 7 issues
2026-02-17 17:16:34,014 - comparer - WARNING - Current results not found: results/normalized/bash-examples/shellcheck_normalized.json
2026-02-17 17:16:34,014 - comparer - WARNING - No current results for bash-examples/shellcheck
2026-02-17 17:16:34,014 - __main__ - WARNING - Нет результатов для сравнения
2026-02-17 17:16:34,015 - performance_metrics - INFO - Performance report saved to results/performance_report.json
