2026-02-17 17:31:30,364 - test_runner - INFO - Configuration loaded from config/projects_config.yaml
2026-02-17 17:31:30,364 - tools_registry - INFO - Registered tool: semgrep
2026-02-17 17:31:30,364 - tools_registry - INFO - Registered tool: semgrep
2026-02-17 17:31:30,364 - tools_registry - INFO - Registered tool: cppcheck
2026-02-17 17:31:30,364 - tools_registry - INFO - Registered tool: cppcheck
2026-02-17 17:31:30,364 - tools_registry - INFO - Registered tool: shellcheck
2026-02-17 17:31:30,364 - tools_registry - INFO - Registered tool: shellcheck
2026-02-17 17:31:30,364 - test_runner - INFO - Found 3 projects in config
2026-02-17 17:31:30,364 - test_runner - INFO - Running tests for project: insecure-cpp
2026-02-17 17:31:30,364 - test_runner - INFO - Starting testing for project: insecure-cpp
2026-02-17 17:31:30,442 - environment - INFO - Docker client initialized
2026-02-17 17:31:30,443 - environment - INFO - Environment setup completed
2026-02-17 17:31:30,443 - test_runner - INFO -   Running cppcheck...
2026-02-17 17:31:30,493 - sast_framework.tools.cppcheck - INFO - Running cppcheck on ./projects/insecure-cpp
2026-02-17 17:31:30,510 - sast_framework.tools.cppcheck - INFO - Running container: ghcr.io/facthunder/cppcheck:latest
2026-02-17 17:31:30,510 - sast_framework.tools.cppcheck - INFO - Command: cppcheck --enable=all --xml --xml-version=2 --output-file=/results/cppcheck_results.xml /src
2026-02-17 17:31:32,759 - sast_framework.tools.cppcheck - INFO - Results saved to results/raw/insecure-cpp/cppcheck_20260217_173130.sarif
2026-02-17 17:31:32,761 - normalizer - INFO - Normalized 348 issues
2026-02-17 17:31:32,769 - normalizer - INFO - Normalized results saved to results/normalized/insecure-cpp/cppcheck_normalized.json
2026-02-17 17:31:32,772 - performance_metrics - INFO - Performance metrics saved: results/metrics/insecure-cpp/cppcheck_20260217_173132.json
2026-02-17 17:31:32,772 - test_runner - INFO -     Found 348 issues
2026-02-17 17:31:32,773 - environment - INFO - Environment cleanup completed
2026-02-17 17:31:32,773 - test_runner - INFO - Running tests for project: dvpa-python
2026-02-17 17:31:32,773 - test_runner - INFO - Starting testing for project: dvpa-python
2026-02-17 17:31:32,783 - environment - INFO - Docker client initialized
2026-02-17 17:31:32,783 - environment - INFO - Environment setup completed
2026-02-17 17:31:32,783 - test_runner - INFO -   Running semgrep...
2026-02-17 17:31:32,829 - sast_framework.tools.semgrep - INFO - Running semgrep on ./projects/dvpa-python
2026-02-17 17:31:32,839 - sast_framework.tools.semgrep - INFO - Running container: returntocorp/semgrep:latest
2026-02-17 17:31:32,840 - sast_framework.tools.semgrep - INFO - Command: semgrep scan --config=auto --json --output=/results/semgrep_results.json /src
2026-02-17 17:31:59,324 - sast_framework.tools.semgrep - INFO - Results saved to results/raw/dvpa-python/semgrep_20260217_173132.sarif
2026-02-17 17:31:59,325 - normalizer - INFO - Normalized 10 issues
2026-02-17 17:31:59,326 - normalizer - INFO - Normalized results saved to results/normalized/dvpa-python/semgrep_normalized.json
2026-02-17 17:31:59,329 - performance_metrics - INFO - Performance metrics saved: results/metrics/dvpa-python/semgrep_20260217_173159.json
2026-02-17 17:31:59,329 - test_runner - INFO -     Found 10 issues
2026-02-17 17:31:59,329 - environment - INFO - Environment cleanup completed
2026-02-17 17:31:59,329 - test_runner - INFO - Running tests for project: bash-examples
2026-02-17 17:31:59,329 - test_runner - INFO - Starting testing for project: bash-examples
2026-02-17 17:31:59,338 - environment - INFO - Docker client initialized
2026-02-17 17:31:59,338 - environment - INFO - Environment setup completed
2026-02-17 17:31:59,338 - test_runner - INFO -   Running shellcheck...
2026-02-17 17:31:59,381 - sast_framework.tools.shellcheck - INFO - Running shellcheck on ./projects/bash-examples
2026-02-17 17:31:59,382 - sast_framework.tools.shellcheck - INFO - Running command in container: shellcheck -f json /src/vulnerable.sh /src/test1.bash > /results/shellcheck_results.json
2026-02-17 17:31:59,393 - sast_framework.tools.shellcheck - INFO - Running container: koalaman/shellcheck-alpine:stable
2026-02-17 17:31:59,393 - sast_framework.tools.shellcheck - INFO - Command: sh -c shellcheck -f json /src/vulnerable.sh /src/test1.bash > /results/shellcheck_results.json
2026-02-17 17:31:59,769 - sast_framework.tools.shellcheck - WARNING - Container exited with code 1
2026-02-17 17:31:59,778 - sast_framework.tools.shellcheck - INFO - Results saved to results/raw/bash-examples/shellcheck_20260217_173159.sarif
2026-02-17 17:31:59,778 - normalizer - INFO - Normalized 7 issues
2026-02-17 17:31:59,779 - normalizer - INFO - Normalized results saved to results/normalized/bash-examples/shellcheck_normalized.json
2026-02-17 17:31:59,781 - performance_metrics - INFO - Performance metrics saved: results/metrics/bash-examples/shellcheck_20260217_173159.json
2026-02-17 17:31:59,781 - test_runner - INFO -     Found 7 issues
2026-02-17 17:31:59,781 - environment - INFO - Environment cleanup completed
2026-02-17 17:31:59,783 - comparer - INFO - Comparing insecure-cpp/cppcheck
2026-02-17 17:31:59,785 - comparer - INFO - Loaded baseline for insecure-cpp/cppcheck: 348 issues
2026-02-17 17:31:59,790 - comparer - INFO - Comparing dvpa-python/semgrep
2026-02-17 17:31:59,790 - comparer - INFO - Loaded baseline for dvpa-python/semgrep: 10 issues
2026-02-17 17:31:59,791 - comparer - INFO - Comparing bash-examples/shellcheck
2026-02-17 17:31:59,791 - comparer - INFO - Loaded baseline for bash-examples/shellcheck: 7 issues
2026-02-17 17:31:59,792 - comparer - INFO - Summary report saved to results/comparison/summary.json
2026-02-17 17:31:59,793 - comparer - INFO - Detailed reports saved to results/comparison/detailed
2026-02-17 17:31:59,795 - performance_metrics - INFO - Performance report saved to results/performance_report.json
