2026-02-17 17:28:44,555 - test_runner - INFO - Configuration loaded from config/projects_config.yaml
2026-02-17 17:28:44,555 - tools_registry - INFO - Registered tool: semgrep
2026-02-17 17:28:44,555 - tools_registry - INFO - Registered tool: semgrep
2026-02-17 17:28:44,555 - tools_registry - INFO - Registered tool: cppcheck
2026-02-17 17:28:44,555 - tools_registry - INFO - Registered tool: cppcheck
2026-02-17 17:28:44,555 - tools_registry - INFO - Registered tool: shellcheck
2026-02-17 17:28:44,555 - tools_registry - INFO - Registered tool: shellcheck
2026-02-17 17:28:44,555 - test_runner - INFO - Found 3 projects in config
2026-02-17 17:28:44,555 - test_runner - INFO - Running tests for project: insecure-cpp
2026-02-17 17:28:44,556 - test_runner - INFO - Starting testing for project: insecure-cpp
2026-02-17 17:28:44,624 - environment - INFO - Docker client initialized
2026-02-17 17:28:44,624 - environment - INFO - Environment setup completed
2026-02-17 17:28:44,624 - test_runner - INFO -   Running cppcheck...
2026-02-17 17:28:44,673 - sast_framework.tools.cppcheck - INFO - Running cppcheck on ./projects/insecure-cpp
2026-02-17 17:28:44,689 - sast_framework.tools.cppcheck - INFO - Running container: ghcr.io/facthunder/cppcheck:latest
2026-02-17 17:28:44,689 - sast_framework.tools.cppcheck - INFO - Command: cppcheck --enable=all --xml --xml-version=2 --output-file=/results/cppcheck_results.xml /src
2026-02-17 17:28:47,139 - sast_framework.tools.cppcheck - INFO - Results saved to results/raw/insecure-cpp/cppcheck_20260217_172844.sarif
2026-02-17 17:28:47,140 - normalizer - INFO - Normalized 348 issues
2026-02-17 17:28:47,150 - normalizer - INFO - Normalized results saved to results/normalized/insecure-cpp/cppcheck_normalized.json
2026-02-17 17:28:47,155 - performance_metrics - INFO - Performance metrics saved: results/metrics/insecure-cpp/cppcheck_20260217_172847.json
2026-02-17 17:28:47,155 - test_runner - INFO -     Found 348 issues
2026-02-17 17:28:47,155 - environment - INFO - Environment cleanup completed
2026-02-17 17:28:47,155 - test_runner - INFO - Running tests for project: dvpa-python
2026-02-17 17:28:47,155 - test_runner - INFO - Starting testing for project: dvpa-python
2026-02-17 17:28:47,166 - environment - INFO - Docker client initialized
2026-02-17 17:28:47,166 - environment - INFO - Environment setup completed
2026-02-17 17:28:47,166 - test_runner - INFO -   Running semgrep...
2026-02-17 17:28:47,210 - sast_framework.tools.semgrep - INFO - Running semgrep on ./projects/dvpa-python
2026-02-17 17:28:47,221 - sast_framework.tools.semgrep - INFO - Running container: returntocorp/semgrep:latest
2026-02-17 17:28:47,221 - sast_framework.tools.semgrep - INFO - Command: semgrep scan --config=auto --json --output=/results/semgrep_results.json /src
2026-02-17 17:29:14,522 - sast_framework.tools.semgrep - INFO - Results saved to results/raw/dvpa-python/semgrep_20260217_172847.sarif
2026-02-17 17:29:14,522 - normalizer - INFO - Normalized 10 issues
2026-02-17 17:29:14,523 - normalizer - INFO - Normalized results saved to results/normalized/dvpa-python/semgrep_normalized.json
2026-02-17 17:29:14,526 - performance_metrics - INFO - Performance metrics saved: results/metrics/dvpa-python/semgrep_20260217_172914.json
2026-02-17 17:29:14,526 - test_runner - INFO -     Found 10 issues
2026-02-17 17:29:14,526 - environment - INFO - Environment cleanup completed
2026-02-17 17:29:14,526 - test_runner - INFO - Running tests for project: bash-examples
2026-02-17 17:29:14,526 - test_runner - INFO - Starting testing for project: bash-examples
2026-02-17 17:29:14,537 - environment - INFO - Docker client initialized
2026-02-17 17:29:14,537 - environment - INFO - Environment setup completed
2026-02-17 17:29:14,537 - test_runner - INFO -   Running shellcheck...
2026-02-17 17:29:14,583 - sast_framework.tools.shellcheck - INFO - Running shellcheck on ./projects/bash-examples
2026-02-17 17:29:14,583 - sast_framework.tools.shellcheck - INFO - Running command in container: shellcheck -f json /src/vulnerable.sh /src/test1.bash > /results/shellcheck_results.json
2026-02-17 17:29:14,595 - sast_framework.tools.shellcheck - INFO - Running container: koalaman/shellcheck-alpine:stable
2026-02-17 17:29:14,595 - sast_framework.tools.shellcheck - INFO - Command: sh -c shellcheck -f json /src/vulnerable.sh /src/test1.bash > /results/shellcheck_results.json
2026-02-17 17:29:14,975 - sast_framework.tools.shellcheck - WARNING - Container exited with code 1
2026-02-17 17:29:14,982 - sast_framework.tools.shellcheck - INFO - Results saved to results/raw/bash-examples/shellcheck_20260217_172914.sarif
2026-02-17 17:29:14,983 - normalizer - INFO - Normalized 7 issues
2026-02-17 17:29:14,983 - normalizer - INFO - Normalized results saved to results/normalized/bash-examples/shellcheck_normalized.json
2026-02-17 17:29:14,985 - performance_metrics - INFO - Performance metrics saved: results/metrics/bash-examples/shellcheck_20260217_172914.json
2026-02-17 17:29:14,985 - test_runner - INFO -     Found 7 issues
2026-02-17 17:29:14,985 - environment - INFO - Environment cleanup completed
2026-02-17 17:29:14,988 - comparer - INFO - Comparing insecure-cpp/cppcheck
2026-02-17 17:29:14,989 - comparer - INFO - Loaded baseline for insecure-cpp/cppcheck: 348 issues
2026-02-17 17:29:14,995 - comparer - INFO - Comparing dvpa-python/semgrep
2026-02-17 17:29:14,995 - comparer - INFO - Loaded baseline for dvpa-python/semgrep: 10 issues
2026-02-17 17:29:14,995 - comparer - INFO - Comparing bash-examples/shellcheck
2026-02-17 17:29:14,996 - comparer - INFO - Loaded baseline for bash-examples/shellcheck: 7 issues
2026-02-17 17:29:14,996 - comparer - INFO - Summary report saved to results/comparison/summary.json
2026-02-17 17:29:14,998 - comparer - INFO - Detailed reports saved to results/comparison/detailed
2026-02-17 17:29:14,999 - performance_metrics - INFO - Performance report saved to results/performance_report.json
