2026-02-17 17:14:23,959 - test_runner - INFO - Configuration loaded from config/projects_config.yaml
2026-02-17 17:14:23,959 - tools_registry - INFO - Registered tool: semgrep
2026-02-17 17:14:23,959 - tools_registry - INFO - Registered tool: semgrep
2026-02-17 17:14:23,959 - tools_registry - INFO - Registered tool: cppcheck
2026-02-17 17:14:23,959 - tools_registry - INFO - Registered tool: cppcheck
2026-02-17 17:14:23,959 - tools_registry - INFO - Registered tool: shellcheck
2026-02-17 17:14:23,959 - tools_registry - INFO - Registered tool: shellcheck
2026-02-17 17:14:23,959 - test_runner - INFO - Found 3 projects in config
2026-02-17 17:14:23,959 - test_runner - INFO - Running tests for project: insecure-cpp
2026-02-17 17:14:23,959 - test_runner - INFO - Starting testing for project: insecure-cpp
2026-02-17 17:14:24,048 - environment - INFO - Docker client initialized
2026-02-17 17:14:24,048 - environment - INFO - Environment setup completed
2026-02-17 17:14:24,048 - test_runner - INFO -   Running cppcheck...
2026-02-17 17:14:24,097 - sast_framework.tools.cppcheck - INFO - Running cppcheck on ./projects/insecure-cpp
2026-02-17 17:14:24,114 - sast_framework.tools.cppcheck - INFO - Running container: ghcr.io/facthunder/cppcheck:latest
2026-02-17 17:14:24,114 - sast_framework.tools.cppcheck - INFO - Command: cppcheck --enable=all --xml --xml-version=2 --output-file=/results/cppcheck_results.xml /src
2026-02-17 17:14:26,518 - sast_framework.tools.cppcheck - INFO - Results saved to results/raw/insecure-cpp/cppcheck_20260217_171424.sarif
2026-02-17 17:14:26,520 - normalizer - INFO - Normalized 348 issues
2026-02-17 17:14:26,523 - performance_metrics - INFO - Performance metrics saved: results/metrics/insecure-cpp/cppcheck_20260217_171426.json
2026-02-17 17:14:26,523 - test_runner - INFO -     Found 348 issues
2026-02-17 17:14:26,523 - environment - INFO - Environment cleanup completed
2026-02-17 17:14:26,523 - test_runner - INFO - Running tests for project: dvpa-python
2026-02-17 17:14:26,524 - test_runner - INFO - Starting testing for project: dvpa-python
2026-02-17 17:14:26,534 - environment - INFO - Docker client initialized
2026-02-17 17:14:26,534 - environment - INFO - Environment setup completed
2026-02-17 17:14:26,534 - test_runner - INFO -   Running semgrep...
2026-02-17 17:14:26,577 - sast_framework.tools.semgrep - INFO - Running semgrep on ./projects/dvpa-python
2026-02-17 17:14:26,588 - sast_framework.tools.semgrep - INFO - Running container: returntocorp/semgrep:latest
2026-02-17 17:14:26,589 - sast_framework.tools.semgrep - INFO - Command: semgrep scan --config=auto --json --output=/results/semgrep_results.json /src
2026-02-17 17:14:54,467 - sast_framework.tools.semgrep - INFO - Results saved to results/raw/dvpa-python/semgrep_20260217_171426.sarif
2026-02-17 17:14:54,468 - normalizer - INFO - Normalized 10 issues
2026-02-17 17:14:54,470 - performance_metrics - INFO - Performance metrics saved: results/metrics/dvpa-python/semgrep_20260217_171454.json
2026-02-17 17:14:54,470 - test_runner - INFO -     Found 10 issues
2026-02-17 17:14:54,470 - environment - INFO - Environment cleanup completed
2026-02-17 17:14:54,471 - test_runner - INFO - Running tests for project: bash-examples
2026-02-17 17:14:54,471 - test_runner - INFO - Starting testing for project: bash-examples
2026-02-17 17:14:54,481 - environment - INFO - Docker client initialized
2026-02-17 17:14:54,481 - environment - INFO - Environment setup completed
2026-02-17 17:14:54,481 - test_runner - INFO -   Running shellcheck...
2026-02-17 17:14:54,528 - sast_framework.tools.shellcheck - INFO - Running shellcheck on ./projects/bash-examples
2026-02-17 17:14:54,529 - sast_framework.tools.shellcheck - INFO - Running command in container: shellcheck -f json /src/vulnerable.sh /src/test1.bash > /results/shellcheck_results.json
2026-02-17 17:14:54,540 - sast_framework.tools.shellcheck - INFO - Running container: koalaman/shellcheck-alpine:stable
2026-02-17 17:14:54,540 - sast_framework.tools.shellcheck - INFO - Command: sh -c shellcheck -f json /src/vulnerable.sh /src/test1.bash > /results/shellcheck_results.json
2026-02-17 17:14:54,917 - sast_framework.tools.shellcheck - WARNING - Container exited with code 1
2026-02-17 17:14:54,929 - sast_framework.tools.shellcheck - INFO - Results saved to results/raw/bash-examples/shellcheck_20260217_171454.sarif
2026-02-17 17:14:54,930 - normalizer - INFO - Normalized 7 issues
2026-02-17 17:14:54,931 - performance_metrics - INFO - Performance metrics saved: results/metrics/bash-examples/shellcheck_20260217_171454.json
2026-02-17 17:14:54,931 - test_runner - INFO -     Found 7 issues
2026-02-17 17:14:54,931 - environment - INFO - Environment cleanup completed
2026-02-17 17:14:54,934 - comparer - INFO - Comparing insecure-cpp/cppcheck
2026-02-17 17:14:54,936 - comparer - INFO - Loaded baseline for insecure-cpp/cppcheck: 348 issues
2026-02-17 17:14:54,936 - comparer - WARNING - Current results not found: results/normalized/insecure-cpp/cppcheck_normalized.json
2026-02-17 17:14:54,936 - comparer - WARNING - No current results for insecure-cpp/cppcheck
2026-02-17 17:14:54,936 - comparer - INFO - Comparing dvpa-python/semgrep
2026-02-17 17:14:54,936 - comparer - INFO - Loaded baseline for dvpa-python/semgrep: 10 issues
2026-02-17 17:14:54,936 - comparer - WARNING - Current results not found: results/normalized/dvpa-python/semgrep_normalized.json
2026-02-17 17:14:54,936 - comparer - WARNING - No current results for dvpa-python/semgrep
2026-02-17 17:14:54,936 - comparer - INFO - Comparing bash-examples/shellcheck
2026-02-17 17:14:54,937 - comparer - INFO - Loaded baseline for bash-examples/shellcheck: 7 issues
2026-02-17 17:14:54,937 - comparer - WARNING - Current results not found: results/normalized/bash-examples/shellcheck_normalized.json
2026-02-17 17:14:54,937 - comparer - WARNING - No current results for bash-examples/shellcheck
2026-02-17 17:14:54,937 - __main__ - WARNING - Нет результатов для сравнения
2026-02-17 17:14:54,938 - performance_metrics - INFO - Performance report saved to results/performance_report.json
