2026-02-17 17:19:06,925 - test_runner - INFO - Configuration loaded from config/projects_config.yaml
2026-02-17 17:19:06,925 - tools_registry - INFO - Registered tool: semgrep
2026-02-17 17:19:06,925 - tools_registry - INFO - Registered tool: semgrep
2026-02-17 17:19:06,925 - tools_registry - INFO - Registered tool: cppcheck
2026-02-17 17:19:06,926 - tools_registry - INFO - Registered tool: cppcheck
2026-02-17 17:19:06,926 - tools_registry - INFO - Registered tool: shellcheck
2026-02-17 17:19:06,926 - tools_registry - INFO - Registered tool: shellcheck
2026-02-17 17:19:06,926 - test_runner - INFO - Found 3 projects in config
2026-02-17 17:19:06,926 - test_runner - INFO - Running tests for project: insecure-cpp
2026-02-17 17:19:06,926 - test_runner - INFO - Starting testing for project: insecure-cpp
2026-02-17 17:19:07,007 - environment - INFO - Docker client initialized
2026-02-17 17:19:07,007 - environment - INFO - Environment setup completed
2026-02-17 17:19:07,007 - test_runner - INFO -   Running cppcheck...
2026-02-17 17:19:07,055 - sast_framework.tools.cppcheck - INFO - Running cppcheck on ./projects/insecure-cpp
2026-02-17 17:19:07,079 - sast_framework.tools.cppcheck - INFO - Running container: ghcr.io/facthunder/cppcheck:latest
2026-02-17 17:19:07,079 - sast_framework.tools.cppcheck - INFO - Command: cppcheck --enable=all --xml --xml-version=2 --output-file=/results/cppcheck_results.xml /src
2026-02-17 17:19:09,476 - sast_framework.tools.cppcheck - INFO - Results saved to results/raw/insecure-cpp/cppcheck_20260217_171907.sarif
2026-02-17 17:19:09,478 - normalizer - INFO - Normalized 348 issues
2026-02-17 17:19:09,482 - performance_metrics - INFO - Performance metrics saved: results/metrics/insecure-cpp/cppcheck_20260217_171909.json
2026-02-17 17:19:09,482 - test_runner - INFO -     Found 348 issues
2026-02-17 17:19:09,482 - environment - INFO - Environment cleanup completed
2026-02-17 17:19:09,482 - test_runner - INFO - Running tests for project: dvpa-python
2026-02-17 17:19:09,482 - test_runner - INFO - Starting testing for project: dvpa-python
2026-02-17 17:19:09,492 - environment - INFO - Docker client initialized
2026-02-17 17:19:09,492 - environment - INFO - Environment setup completed
2026-02-17 17:19:09,492 - test_runner - INFO -   Running semgrep...
2026-02-17 17:19:09,538 - sast_framework.tools.semgrep - INFO - Running semgrep on ./projects/dvpa-python
2026-02-17 17:19:09,549 - sast_framework.tools.semgrep - INFO - Running container: returntocorp/semgrep:latest
2026-02-17 17:19:09,549 - sast_framework.tools.semgrep - INFO - Command: semgrep scan --config=auto --json --output=/results/semgrep_results.json /src
2026-02-17 17:19:36,441 - sast_framework.tools.semgrep - INFO - Results saved to results/raw/dvpa-python/semgrep_20260217_171909.sarif
2026-02-17 17:19:36,442 - normalizer - INFO - Normalized 10 issues
2026-02-17 17:19:36,445 - performance_metrics - INFO - Performance metrics saved: results/metrics/dvpa-python/semgrep_20260217_171936.json
2026-02-17 17:19:36,445 - test_runner - INFO -     Found 10 issues
2026-02-17 17:19:36,445 - environment - INFO - Environment cleanup completed
2026-02-17 17:19:36,445 - test_runner - INFO - Running tests for project: bash-examples
2026-02-17 17:19:36,445 - test_runner - INFO - Starting testing for project: bash-examples
2026-02-17 17:19:36,454 - environment - INFO - Docker client initialized
2026-02-17 17:19:36,454 - environment - INFO - Environment setup completed
2026-02-17 17:19:36,454 - test_runner - INFO -   Running shellcheck...
2026-02-17 17:19:36,503 - sast_framework.tools.shellcheck - INFO - Running shellcheck on ./projects/bash-examples
2026-02-17 17:19:36,504 - sast_framework.tools.shellcheck - INFO - Running command in container: shellcheck -f json /src/vulnerable.sh /src/test1.bash > /results/shellcheck_results.json
2026-02-17 17:19:36,514 - sast_framework.tools.shellcheck - INFO - Running container: koalaman/shellcheck-alpine:stable
2026-02-17 17:19:36,514 - sast_framework.tools.shellcheck - INFO - Command: sh -c shellcheck -f json /src/vulnerable.sh /src/test1.bash > /results/shellcheck_results.json
2026-02-17 17:19:36,900 - sast_framework.tools.shellcheck - WARNING - Container exited with code 1
2026-02-17 17:19:36,909 - sast_framework.tools.shellcheck - INFO - Results saved to results/raw/bash-examples/shellcheck_20260217_171936.sarif
2026-02-17 17:19:36,909 - normalizer - INFO - Normalized 7 issues
2026-02-17 17:19:36,911 - performance_metrics - INFO - Performance metrics saved: results/metrics/bash-examples/shellcheck_20260217_171936.json
2026-02-17 17:19:36,911 - test_runner - INFO -     Found 7 issues
2026-02-17 17:19:36,912 - environment - INFO - Environment cleanup completed
2026-02-17 17:19:36,914 - comparer - INFO - Comparing insecure-cpp/cppcheck
2026-02-17 17:19:36,916 - comparer - INFO - Loaded baseline for insecure-cpp/cppcheck: 348 issues
2026-02-17 17:19:36,916 - comparer - WARNING - Current results not found: results/normalized/insecure-cpp/cppcheck_normalized.json
2026-02-17 17:19:36,916 - comparer - WARNING - No current results for insecure-cpp/cppcheck
2026-02-17 17:19:36,916 - comparer - INFO - Comparing dvpa-python/semgrep
2026-02-17 17:19:36,917 - comparer - INFO - Loaded baseline for dvpa-python/semgrep: 10 issues
2026-02-17 17:19:36,917 - comparer - WARNING - Current results not found: results/normalized/dvpa-python/semgrep_normalized.json
2026-02-17 17:19:36,917 - comparer - WARNING - No current results for dvpa-python/semgrep
2026-02-17 17:19:36,917 - comparer - INFO - Comparing bash-examples/shellcheck
2026-02-17 17:19:36,917 - comparer - INFO - Loaded baseline for bash-examples/shellcheck: 7 issues
2026-02-17 17:19:36,917 - comparer - WARNING - Current results not found: results/normalized/bash-examples/shellcheck_normalized.json
2026-02-17 17:19:36,917 - comparer - WARNING - No current results for bash-examples/shellcheck
2026-02-17 17:19:36,917 - __main__ - WARNING - Нет результатов для сравнения
2026-02-17 17:19:36,918 - performance_metrics - INFO - Performance report saved to results/performance_report.json
