2026-02-17 16:52:35,551 - test_runner - INFO - Configuration loaded from config/projects_config.yaml
2026-02-17 16:52:35,552 - tools_registry - INFO - Registered tool: semgrep
2026-02-17 16:52:35,552 - tools_registry - INFO - Registered tool: semgrep
2026-02-17 16:52:35,552 - tools_registry - INFO - Registered tool: cppcheck
2026-02-17 16:52:35,552 - tools_registry - INFO - Registered tool: cppcheck
2026-02-17 16:52:35,552 - tools_registry - INFO - Registered tool: shellcheck
2026-02-17 16:52:35,552 - tools_registry - INFO - Registered tool: shellcheck
2026-02-17 16:52:35,552 - test_runner - INFO - Found 3 projects in config
2026-02-17 16:52:35,552 - test_runner - INFO - Running tests for project: insecure-cpp
2026-02-17 16:52:35,552 - test_runner - INFO - Starting testing for project: insecure-cpp
2026-02-17 16:52:35,652 - environment - INFO - Docker client initialized
2026-02-17 16:52:35,653 - environment - INFO - Environment setup completed
2026-02-17 16:52:35,653 - test_runner - INFO -   Running cppcheck...
2026-02-17 16:52:35,709 - sast_framework.tools.cppcheck - INFO - Running cppcheck on ./projects/insecure-cpp
2026-02-17 16:52:35,737 - sast_framework.tools.cppcheck - INFO - Running container: ghcr.io/facthunder/cppcheck:latest
2026-02-17 16:52:35,737 - sast_framework.tools.cppcheck - INFO - Command: cppcheck --enable=all --xml --xml-version=2 --output-file=/results/cppcheck_results.xml /src
2026-02-17 16:52:38,019 - sast_framework.tools.cppcheck - INFO - Results saved to results/raw/insecure-cpp/cppcheck_20260217_165235.sarif
2026-02-17 16:52:38,021 - normalizer - INFO - Normalized 348 issues
2026-02-17 16:52:38,025 - performance_metrics - INFO - Performance metrics saved: results/metrics/insecure-cpp/cppcheck_20260217_165238.json
2026-02-17 16:52:38,025 - test_runner - INFO -     Found 348 issues
2026-02-17 16:52:38,025 - environment - INFO - Environment cleanup completed
2026-02-17 16:52:38,025 - test_runner - INFO - Running tests for project: dvpa-python
2026-02-17 16:52:38,025 - test_runner - INFO - Starting testing for project: dvpa-python
2026-02-17 16:52:38,036 - environment - INFO - Docker client initialized
2026-02-17 16:52:38,037 - environment - INFO - Environment setup completed
2026-02-17 16:52:38,037 - test_runner - INFO -   Running semgrep...
2026-02-17 16:52:38,080 - sast_framework.tools.semgrep - INFO - Running semgrep on ./projects/dvpa-python
2026-02-17 16:52:38,092 - sast_framework.tools.semgrep - INFO - Running container: returntocorp/semgrep:latest
2026-02-17 16:52:38,092 - sast_framework.tools.semgrep - INFO - Command: semgrep scan --config=auto --json --output=/results/semgrep_results.json /src
2026-02-17 16:53:33,945 - sast_framework.tools.semgrep - INFO - Results saved to results/raw/dvpa-python/semgrep_20260217_165238.sarif
2026-02-17 16:53:33,946 - normalizer - INFO - Normalized 10 issues
2026-02-17 16:53:33,950 - performance_metrics - INFO - Performance metrics saved: results/metrics/dvpa-python/semgrep_20260217_165333.json
2026-02-17 16:53:33,950 - test_runner - INFO -     Found 10 issues
2026-02-17 16:53:33,950 - environment - INFO - Environment cleanup completed
2026-02-17 16:53:33,950 - test_runner - INFO - Running tests for project: bash-examples
2026-02-17 16:53:33,950 - test_runner - INFO - Starting testing for project: bash-examples
2026-02-17 16:53:33,959 - environment - INFO - Docker client initialized
2026-02-17 16:53:33,959 - environment - INFO - Environment setup completed
2026-02-17 16:53:33,959 - test_runner - INFO -   Running shellcheck...
2026-02-17 16:53:34,019 - sast_framework.tools.shellcheck - INFO - Running shellcheck on ./projects/bash-examples
2026-02-17 16:53:34,020 - sast_framework.tools.shellcheck - INFO - Running command in container: shellcheck -f json /src/vulnerable.sh /src/test1.bash > /results/shellcheck_results.json
2026-02-17 16:53:34,034 - sast_framework.tools.shellcheck - INFO - Running container: koalaman/shellcheck-alpine:stable
2026-02-17 16:53:34,034 - sast_framework.tools.shellcheck - INFO - Command: sh -c shellcheck -f json /src/vulnerable.sh /src/test1.bash > /results/shellcheck_results.json
2026-02-17 16:53:34,419 - sast_framework.tools.shellcheck - WARNING - Container exited with code 1
2026-02-17 16:53:34,431 - sast_framework.tools.shellcheck - INFO - Results saved to results/raw/bash-examples/shellcheck_20260217_165334.sarif
2026-02-17 16:53:34,432 - normalizer - INFO - Normalized 7 issues
2026-02-17 16:53:34,434 - performance_metrics - INFO - Performance metrics saved: results/metrics/bash-examples/shellcheck_20260217_165334.json
2026-02-17 16:53:34,434 - test_runner - INFO -     Found 7 issues
2026-02-17 16:53:34,434 - environment - INFO - Environment cleanup completed
2026-02-17 16:53:34,434 - __main__ - INFO - Тестирование завершено. Проектов: 3
2026-02-17 16:53:34,437 - comparer - INFO - Comparing insecure-cpp/cppcheck
2026-02-17 16:53:34,439 - comparer - INFO - Loaded baseline for insecure-cpp/cppcheck: 348 issues
2026-02-17 16:53:34,439 - comparer - WARNING - Current results not found: results/normalized/insecure-cpp/cppcheck_normalized.json
2026-02-17 16:53:34,439 - comparer - WARNING - No current results for insecure-cpp/cppcheck
2026-02-17 16:53:34,439 - comparer - INFO - Comparing dvpa-python/semgrep
2026-02-17 16:53:34,439 - comparer - INFO - Loaded baseline for dvpa-python/semgrep: 10 issues
2026-02-17 16:53:34,439 - comparer - WARNING - Current results not found: results/normalized/dvpa-python/semgrep_normalized.json
2026-02-17 16:53:34,439 - comparer - WARNING - No current results for dvpa-python/semgrep
2026-02-17 16:53:34,440 - comparer - INFO - Comparing bash-examples/shellcheck
2026-02-17 16:53:34,440 - comparer - INFO - Loaded baseline for bash-examples/shellcheck: 7 issues
2026-02-17 16:53:34,440 - comparer - WARNING - Current results not found: results/normalized/bash-examples/shellcheck_normalized.json
2026-02-17 16:53:34,440 - comparer - WARNING - No current results for bash-examples/shellcheck
2026-02-17 16:53:34,440 - __main__ - WARNING - Нет результатов для сравнения
2026-02-17 16:53:34,441 - performance_metrics - INFO - Performance report saved to results/performance_report.json
