2026-02-17 17:46:24,519 - test_runner - INFO - Configuration loaded from config/projects_config.yaml
2026-02-17 17:46:24,520 - tools_registry - INFO - Registered tool: semgrep
2026-02-17 17:46:24,520 - tools_registry - INFO - Registered tool: semgrep
2026-02-17 17:46:24,520 - tools_registry - INFO - Registered tool: cppcheck
2026-02-17 17:46:24,520 - tools_registry - INFO - Registered tool: cppcheck
2026-02-17 17:46:24,520 - tools_registry - INFO - Registered tool: shellcheck
2026-02-17 17:46:24,520 - tools_registry - INFO - Registered tool: shellcheck
2026-02-17 17:46:24,520 - test_runner - INFO - Found 3 projects in config
2026-02-17 17:46:24,520 - test_runner - INFO - Running tests for project: insecure-cpp
2026-02-17 17:46:24,520 - test_runner - INFO - Starting testing for project: insecure-cpp
2026-02-17 17:46:24,610 - environment - INFO - Docker client initialized
2026-02-17 17:46:24,610 - environment - INFO - Environment setup completed
2026-02-17 17:46:24,610 - test_runner - INFO -   Running cppcheck...
2026-02-17 17:46:24,661 - sast_framework.tools.cppcheck - INFO - Running cppcheck on ./projects/insecure-cpp
2026-02-17 17:46:24,689 - sast_framework.tools.cppcheck - INFO - Running container: ghcr.io/facthunder/cppcheck:latest
2026-02-17 17:46:24,689 - sast_framework.tools.cppcheck - INFO - Command: cppcheck --enable=all --xml --xml-version=2 --output-file=/results/cppcheck_results.xml /src
2026-02-17 17:46:27,091 - sast_framework.tools.cppcheck - INFO - Results saved to results/raw/insecure-cpp/cppcheck_20260217_174624.sarif
2026-02-17 17:46:27,093 - normalizer - INFO - Normalized 348 issues
2026-02-17 17:46:27,100 - normalizer - INFO - Normalized results saved to results/normalized/insecure-cpp/cppcheck_normalized.json
2026-02-17 17:46:27,104 - performance_metrics - INFO - Performance metrics saved: results/metrics/insecure-cpp/cppcheck_20260217_174627.json
2026-02-17 17:46:27,104 - test_runner - INFO -     Found 348 issues
2026-02-17 17:46:27,105 - environment - INFO - Environment cleanup completed
2026-02-17 17:46:27,105 - test_runner - INFO - Running tests for project: dvpa-python
2026-02-17 17:46:27,105 - test_runner - INFO - Starting testing for project: dvpa-python
2026-02-17 17:46:27,115 - environment - INFO - Docker client initialized
2026-02-17 17:46:27,115 - environment - INFO - Environment setup completed
2026-02-17 17:46:27,115 - test_runner - INFO -   Running semgrep...
2026-02-17 17:46:27,162 - sast_framework.tools.semgrep - INFO - Running semgrep on ./projects/dvpa-python
2026-02-17 17:46:27,173 - sast_framework.tools.semgrep - INFO - Running container: returntocorp/semgrep:latest
2026-02-17 17:46:27,173 - sast_framework.tools.semgrep - INFO - Command: semgrep scan --config=auto --json --output=/results/semgrep_results.json /src
2026-02-17 17:46:54,029 - sast_framework.tools.semgrep - INFO - Results saved to results/raw/dvpa-python/semgrep_20260217_174627.sarif
2026-02-17 17:46:54,029 - normalizer - INFO - Normalized 10 issues
2026-02-17 17:46:54,030 - normalizer - INFO - Normalized results saved to results/normalized/dvpa-python/semgrep_normalized.json
2026-02-17 17:46:54,033 - performance_metrics - INFO - Performance metrics saved: results/metrics/dvpa-python/semgrep_20260217_174654.json
2026-02-17 17:46:54,033 - test_runner - INFO -     Found 10 issues
2026-02-17 17:46:54,033 - environment - INFO - Environment cleanup completed
2026-02-17 17:46:54,033 - test_runner - INFO - Running tests for project: bash-examples
2026-02-17 17:46:54,033 - test_runner - INFO - Starting testing for project: bash-examples
2026-02-17 17:46:54,042 - environment - INFO - Docker client initialized
2026-02-17 17:46:54,042 - environment - INFO - Environment setup completed
2026-02-17 17:46:54,042 - test_runner - INFO -   Running shellcheck...
2026-02-17 17:46:54,095 - sast_framework.tools.shellcheck - INFO - Running shellcheck on ./projects/bash-examples
2026-02-17 17:46:54,096 - sast_framework.tools.shellcheck - INFO - Running command in container: shellcheck -f json /src/vulnerable.sh /src/test1.bash > /results/shellcheck_results.json
2026-02-17 17:46:54,107 - sast_framework.tools.shellcheck - INFO - Running container: koalaman/shellcheck-alpine:stable
2026-02-17 17:46:54,107 - sast_framework.tools.shellcheck - INFO - Command: sh -c shellcheck -f json /src/vulnerable.sh /src/test1.bash > /results/shellcheck_results.json
2026-02-17 17:46:54,479 - sast_framework.tools.shellcheck - WARNING - Container exited with code 1
2026-02-17 17:46:54,490 - sast_framework.tools.shellcheck - INFO - Results saved to results/raw/bash-examples/shellcheck_20260217_174654.sarif
2026-02-17 17:46:54,490 - normalizer - INFO - Normalized 7 issues
2026-02-17 17:46:54,491 - normalizer - INFO - Normalized results saved to results/normalized/bash-examples/shellcheck_normalized.json
2026-02-17 17:46:54,493 - performance_metrics - INFO - Performance metrics saved: results/metrics/bash-examples/shellcheck_20260217_174654.json
2026-02-17 17:46:54,493 - test_runner - INFO -     Found 7 issues
2026-02-17 17:46:54,493 - environment - INFO - Environment cleanup completed
2026-02-17 17:46:54,496 - comparer - INFO - Comparing insecure-cpp/cppcheck
2026-02-17 17:46:54,497 - comparer - INFO - Loaded baseline for insecure-cpp/cppcheck: 348 issues
2026-02-17 17:46:54,502 - comparer - INFO - Comparing dvpa-python/semgrep
2026-02-17 17:46:54,503 - comparer - INFO - Loaded baseline for dvpa-python/semgrep: 10 issues
2026-02-17 17:46:54,503 - comparer - INFO - Comparing bash-examples/shellcheck
2026-02-17 17:46:54,503 - comparer - INFO - Loaded baseline for bash-examples/shellcheck: 7 issues
2026-02-17 17:46:54,504 - comparer - INFO - Summary report saved to results/comparison/summary.json
2026-02-17 17:46:54,505 - comparer - INFO - Detailed reports saved to results/comparison/detailed
2026-02-17 17:46:54,507 - performance_metrics - INFO - Performance report saved to results/performance_report.json
