2026-02-17 17:26:01,024 - test_runner - INFO - Configuration loaded from config/projects_config.yaml
2026-02-17 17:26:01,024 - tools_registry - INFO - Registered tool: semgrep
2026-02-17 17:26:01,024 - tools_registry - INFO - Registered tool: semgrep
2026-02-17 17:26:01,024 - tools_registry - INFO - Registered tool: cppcheck
2026-02-17 17:26:01,024 - tools_registry - INFO - Registered tool: cppcheck
2026-02-17 17:26:01,024 - tools_registry - INFO - Registered tool: shellcheck
2026-02-17 17:26:01,024 - tools_registry - INFO - Registered tool: shellcheck
2026-02-17 17:26:01,025 - test_runner - INFO - Found 3 projects in config
2026-02-17 17:26:01,025 - test_runner - INFO - Running tests for project: insecure-cpp
2026-02-17 17:26:01,025 - test_runner - INFO - Starting testing for project: insecure-cpp
2026-02-17 17:26:01,124 - environment - INFO - Docker client initialized
2026-02-17 17:26:01,124 - environment - INFO - Environment setup completed
2026-02-17 17:26:01,124 - test_runner - INFO -   Running cppcheck...
2026-02-17 17:26:01,175 - sast_framework.tools.cppcheck - INFO - Running cppcheck on ./projects/insecure-cpp
2026-02-17 17:26:01,206 - sast_framework.tools.cppcheck - INFO - Running container: ghcr.io/facthunder/cppcheck:latest
2026-02-17 17:26:01,206 - sast_framework.tools.cppcheck - INFO - Command: cppcheck --enable=all --xml --xml-version=2 --output-file=/results/cppcheck_results.xml /src
2026-02-17 17:26:03,964 - sast_framework.tools.cppcheck - INFO - Results saved to results/raw/insecure-cpp/cppcheck_20260217_172601.sarif
2026-02-17 17:26:03,966 - normalizer - INFO - Normalized 348 issues
2026-02-17 17:26:03,974 - normalizer - INFO - Normalized results saved to results/normalized/insecure-cpp/cppcheck_normalized.json
2026-02-17 17:26:03,978 - performance_metrics - INFO - Performance metrics saved: results/metrics/insecure-cpp/cppcheck_20260217_172603.json
2026-02-17 17:26:03,978 - test_runner - INFO -     Found 348 issues
2026-02-17 17:26:03,978 - environment - INFO - Environment cleanup completed
2026-02-17 17:26:03,978 - test_runner - INFO - Running tests for project: dvpa-python
2026-02-17 17:26:03,979 - test_runner - INFO - Starting testing for project: dvpa-python
2026-02-17 17:26:03,991 - environment - INFO - Docker client initialized
2026-02-17 17:26:03,991 - environment - INFO - Environment setup completed
2026-02-17 17:26:03,991 - test_runner - INFO -   Running semgrep...
2026-02-17 17:26:04,034 - sast_framework.tools.semgrep - INFO - Running semgrep on ./projects/dvpa-python
2026-02-17 17:26:04,045 - sast_framework.tools.semgrep - INFO - Running container: returntocorp/semgrep:latest
2026-02-17 17:26:04,045 - sast_framework.tools.semgrep - INFO - Command: semgrep scan --config=auto --json --output=/results/semgrep_results.json /src
2026-02-17 17:26:31,829 - sast_framework.tools.semgrep - INFO - Results saved to results/raw/dvpa-python/semgrep_20260217_172604.sarif
2026-02-17 17:26:31,829 - normalizer - INFO - Normalized 10 issues
2026-02-17 17:26:31,830 - normalizer - INFO - Normalized results saved to results/normalized/dvpa-python/semgrep_normalized.json
2026-02-17 17:26:31,833 - performance_metrics - INFO - Performance metrics saved: results/metrics/dvpa-python/semgrep_20260217_172631.json
2026-02-17 17:26:31,833 - test_runner - INFO -     Found 10 issues
2026-02-17 17:26:31,833 - environment - INFO - Environment cleanup completed
2026-02-17 17:26:31,833 - test_runner - INFO - Running tests for project: bash-examples
2026-02-17 17:26:31,833 - test_runner - INFO - Starting testing for project: bash-examples
2026-02-17 17:26:31,842 - environment - INFO - Docker client initialized
2026-02-17 17:26:31,843 - environment - INFO - Environment setup completed
2026-02-17 17:26:31,843 - test_runner - INFO -   Running shellcheck...
2026-02-17 17:26:31,892 - sast_framework.tools.shellcheck - INFO - Running shellcheck on ./projects/bash-examples
2026-02-17 17:26:31,893 - sast_framework.tools.shellcheck - INFO - Running command in container: shellcheck -f json /src/vulnerable.sh /src/test1.bash > /results/shellcheck_results.json
2026-02-17 17:26:31,906 - sast_framework.tools.shellcheck - INFO - Running container: koalaman/shellcheck-alpine:stable
2026-02-17 17:26:31,906 - sast_framework.tools.shellcheck - INFO - Command: sh -c shellcheck -f json /src/vulnerable.sh /src/test1.bash > /results/shellcheck_results.json
2026-02-17 17:26:32,296 - sast_framework.tools.shellcheck - WARNING - Container exited with code 1
2026-02-17 17:26:32,305 - sast_framework.tools.shellcheck - INFO - Results saved to results/raw/bash-examples/shellcheck_20260217_172631.sarif
2026-02-17 17:26:32,305 - normalizer - INFO - Normalized 7 issues
2026-02-17 17:26:32,306 - normalizer - INFO - Normalized results saved to results/normalized/bash-examples/shellcheck_normalized.json
2026-02-17 17:26:32,307 - performance_metrics - INFO - Performance metrics saved: results/metrics/bash-examples/shellcheck_20260217_172632.json
2026-02-17 17:26:32,307 - test_runner - INFO -     Found 7 issues
2026-02-17 17:26:32,307 - environment - INFO - Environment cleanup completed
2026-02-17 17:26:32,310 - comparer - INFO - Comparing insecure-cpp/cppcheck
2026-02-17 17:26:32,312 - comparer - INFO - Loaded baseline for insecure-cpp/cppcheck: 348 issues
2026-02-17 17:26:32,317 - comparer - INFO - Comparing dvpa-python/semgrep
2026-02-17 17:26:32,318 - comparer - INFO - Loaded baseline for dvpa-python/semgrep: 10 issues
2026-02-17 17:26:32,318 - comparer - INFO - Comparing bash-examples/shellcheck
2026-02-17 17:26:32,318 - comparer - INFO - Loaded baseline for bash-examples/shellcheck: 7 issues
2026-02-17 17:26:32,319 - comparer - INFO - Summary report saved to results/comparison/summary.json
2026-02-17 17:26:32,321 - comparer - INFO - Detailed reports saved to results/comparison/detailed
2026-02-17 17:26:32,322 - performance_metrics - INFO - Performance report saved to results/performance_report.json
